C51 COMPILER V9.59.0.0   MAIN                                                              07/20/2022 18:24:36 PAGE 1   


C51 COMPILER V9.59.0.0, COMPILATION OF MODULE MAIN
OBJECT MODULE PLACED IN main.OBJ
COMPILER INVOKED BY: C:\Program Files\Keil_v5\C51\BIN\C51.exe main.c

line level    source

   1          // 0x3f,0x06,0x5b,0x4f,0x66,
   2          // 0x6d,0x7d,0x07,0x7f,0x6f,
   3          // 0x77,0x7c,0x39,0x5e,0x79,
   4          // 0x71
   5          
   6          // 0Xfe = 1111 1110 第一个灯亮。
   7          // 0xfd = 1111 1101 第二个灯亮。
   8          // 0xfb = 1111 1011 第三个灯亮。
   9          // 0xf7 = 1111 0111 第四个灯亮。
  10          // 0xef = 1110 1111 第五个灯亮。
  11          // 0xdf = 1101 1111 第六个灯亮。
  12          // 0xbf = 1011 1111 第七个灯亮。
  13          // 0x7f = 0111 1111 第八个灯亮。
  14          #include <reg52.h>  //引用单片机头文件
  15           
  16           
  17          void delayMills(unsigned int ms) 
  18          {       
  19   1               unsigned char i,j;
  20   1              for(j=ms; j>0; j--)     
  21   1                      for(i=100;i>0;i--);     //空操作等待
  22   1      }
  23           
  24          void main(void)    //主函数，程序的入口
  25          {    
  26   1          while(1)   //无限循环
  27   1          {  
  28   2             P0 = 0xfe;    //P0.0亮  1111 1110
  29   2             delayMills(1000);   //延时约1秒
  30   2             P0 = 0xfd;    //P0.1亮  1111 1101
  31   2             delayMills(1000);   //延时约1秒
  32   2             P0 = 0xfb;    //P0.2亮  1111 1011
  33   2             delayMills(1000);   //延时约1秒
  34   2             P0 = 0xf7;    //P0.3亮  1111 0111
  35   2             delayMills(1000);   //延时约1秒
  36   2             P0 = 0xef;    //P0.4亮  1110 1111
  37   2             delayMills(1000);   //延时约1秒
  38   2             P0 = 0xdf;    //P0.5亮  1101 1111
  39   2             delayMills(1000);   //延时约1秒
  40   2             P0 = 0xbf;    //P0.6亮  1011 1111
  41   2             delayMills(1000);   //延时约1秒
  42   2             P0 = 0x7f;    //P0.7亮  0111 1111
  43   2             delayMills(1000);   //延时约1秒
  44   2       
  45   2          }
  46   1      }


MODULE INFORMATION:   STATIC OVERLAYABLE
   CODE SIZE        =     83    ----
   CONSTANT SIZE    =   ----    ----
   XDATA SIZE       =   ----    ----
   PDATA SIZE       =   ----    ----
   DATA SIZE        =   ----    ----
   IDATA SIZE       =   ----    ----
C51 COMPILER V9.59.0.0   MAIN                                                              07/20/2022 18:24:36 PAGE 2   

   BIT SIZE         =   ----    ----
END OF MODULE INFORMATION.


C51 COMPILATION COMPLETE.  0 WARNING(S),  0 ERROR(S)
